2023-09-15 13:20:39,633 DEBUG    root            Loaded Command Group: ['gcloud', 'components']
2023-09-15 13:20:39,637 DEBUG    root            Loaded Command Group: ['gcloud', 'components', 'update']
2023-09-15 13:20:39,640 DEBUG    root            Running [gcloud.components.update] with arguments: [--allow-no-backup: "True", --compile-python: "True", --quiet: "True", COMPONENT-IDS:7: "['core', 'gcloud-deps', 'bq', 'gcloud', 'gcloud-crc32c', 'gsutil', 'anthoscli']"]
2023-09-15 13:20:39,641 INFO     ___FILE_ONLY___ Beginning update. This process may take several minutes.

2023-09-15 13:20:51,686 DEBUG    urllib3.connectionpool Starting new HTTPS connection (1): dl.google.com:443
2023-09-15 13:20:51,784 DEBUG    urllib3.connectionpool https://dl.google.com:443 "GET /dl/cloudsdk/channels/rapid/components-2.json HTTP/1.1" 200 209937
2023-09-15 13:20:51,804 INFO     ___FILE_ONLY___ 

2023-09-15 13:20:51,805 INFO     ___FILE_ONLY___ 
Your current Google Cloud CLI version is: 446.0.1

2023-09-15 13:20:51,805 INFO     ___FILE_ONLY___ Installing components from version: 446.0.1

2023-09-15 13:20:51,805 INFO     ___FILE_ONLY___ 

2023-09-15 13:20:51,806 DEBUG    root            Chosen display Format:table[box,title="These components will be removed."](details.display_name:label=Name:align=left,version.version_string:label=Version:align=right,data.size.size(zero="",min=1048576):label=Size:align=right)
2023-09-15 13:20:51,807 DEBUG    root            Chosen display Format:table[box,title="These components will be updated."](details.display_name:label=Name:align=left,version.version_string:label=Version:align=right,data.size.size(zero="",min=1048576):label=Size:align=right)
2023-09-15 13:20:51,807 DEBUG    root            Chosen display Format:table[box,title="These components will be installed."](details.display_name:label=Name:align=left,version.version_string:label=Version:align=right,data.size.size(zero="",min=1048576):label=Size:align=right)
2023-09-15 13:20:51,817 INFO     ___FILE_ONLY___ ┌─────────────────────────────────────────────────────────────────────────────┐
2023-09-15 13:20:51,817 INFO     ___FILE_ONLY___ 

2023-09-15 13:20:51,817 INFO     ___FILE_ONLY___ │                     These components will be installed.                     │
2023-09-15 13:20:51,817 INFO     ___FILE_ONLY___ 

2023-09-15 13:20:51,817 INFO     ___FILE_ONLY___ ├─────────────────────────────────────────────────────┬────────────┬──────────┤
2023-09-15 13:20:51,818 INFO     ___FILE_ONLY___ 

2023-09-15 13:20:51,818 INFO     ___FILE_ONLY___ │                         Name                        │  Version   │   Size   │
2023-09-15 13:20:51,818 INFO     ___FILE_ONLY___ 

2023-09-15 13:20:51,818 INFO     ___FILE_ONLY___ ├─────────────────────────────────────────────────────┼────────────┼──────────┤
2023-09-15 13:20:51,818 INFO     ___FILE_ONLY___ 

2023-09-15 13:20:51,818 INFO     ___FILE_ONLY___ │ 
2023-09-15 13:20:51,818 INFO     ___FILE_ONLY___ BigQuery Command Line Tool                         
2023-09-15 13:20:51,818 INFO     ___FILE_ONLY___  
2023-09-15 13:20:51,818 INFO     ___FILE_ONLY___ │ 
2023-09-15 13:20:51,818 INFO     ___FILE_ONLY___     2.0.98
2023-09-15 13:20:51,818 INFO     ___FILE_ONLY___  
2023-09-15 13:20:51,818 INFO     ___FILE_ONLY___ │ 
2023-09-15 13:20:51,818 INFO     ___FILE_ONLY___  1.6 MiB
2023-09-15 13:20:51,819 INFO     ___FILE_ONLY___  
2023-09-15 13:20:51,819 INFO     ___FILE_ONLY___ │
2023-09-15 13:20:51,819 INFO     ___FILE_ONLY___ 

2023-09-15 13:20:51,819 INFO     ___FILE_ONLY___ │ 
2023-09-15 13:20:51,819 INFO     ___FILE_ONLY___ BigQuery Command Line Tool (Platform Specific)     
2023-09-15 13:20:51,819 INFO     ___FILE_ONLY___  
2023-09-15 13:20:51,819 INFO     ___FILE_ONLY___ │ 
2023-09-15 13:20:51,819 INFO     ___FILE_ONLY___     2.0.98
2023-09-15 13:20:51,819 INFO     ___FILE_ONLY___  
2023-09-15 13:20:51,819 INFO     ___FILE_ONLY___ │ 
2023-09-15 13:20:51,819 INFO     ___FILE_ONLY___  < 1 MiB
2023-09-15 13:20:51,819 INFO     ___FILE_ONLY___  
2023-09-15 13:20:51,819 INFO     ___FILE_ONLY___ │
2023-09-15 13:20:51,819 INFO     ___FILE_ONLY___ 

2023-09-15 13:20:51,820 INFO     ___FILE_ONLY___ │ 
2023-09-15 13:20:51,820 INFO     ___FILE_ONLY___ Bundled Python 3.9                                 
2023-09-15 13:20:51,820 INFO     ___FILE_ONLY___  
2023-09-15 13:20:51,820 INFO     ___FILE_ONLY___ │ 
2023-09-15 13:20:51,820 INFO     ___FILE_ONLY___     3.9.16
2023-09-15 13:20:51,820 INFO     ___FILE_ONLY___  
2023-09-15 13:20:51,820 INFO     ___FILE_ONLY___ │ 
2023-09-15 13:20:51,820 INFO     ___FILE_ONLY___ 63.6 MiB
2023-09-15 13:20:51,820 INFO     ___FILE_ONLY___  
2023-09-15 13:20:51,820 INFO     ___FILE_ONLY___ │
2023-09-15 13:20:51,820 INFO     ___FILE_ONLY___ 

2023-09-15 13:20:51,820 INFO     ___FILE_ONLY___ │ 
2023-09-15 13:20:51,820 INFO     ___FILE_ONLY___ Cloud Storage Command Line Tool                    
2023-09-15 13:20:51,820 INFO     ___FILE_ONLY___  
2023-09-15 13:20:51,821 INFO     ___FILE_ONLY___ │ 
2023-09-15 13:20:51,821 INFO     ___FILE_ONLY___       5.25
2023-09-15 13:20:51,821 INFO     ___FILE_ONLY___  
2023-09-15 13:20:51,821 INFO     ___FILE_ONLY___ │ 
2023-09-15 13:20:51,821 INFO     ___FILE_ONLY___ 11.3 MiB
2023-09-15 13:20:51,821 INFO     ___FILE_ONLY___  
2023-09-15 13:20:51,821 INFO     ___FILE_ONLY___ │
2023-09-15 13:20:51,821 INFO     ___FILE_ONLY___ 

2023-09-15 13:20:51,821 INFO     ___FILE_ONLY___ │ 
2023-09-15 13:20:51,821 INFO     ___FILE_ONLY___ Cloud Storage Command Line Tool (Platform Specific)
2023-09-15 13:20:51,821 INFO     ___FILE_ONLY___  
2023-09-15 13:20:51,821 INFO     ___FILE_ONLY___ │ 
2023-09-15 13:20:51,821 INFO     ___FILE_ONLY___       5.25
2023-09-15 13:20:51,822 INFO     ___FILE_ONLY___  
2023-09-15 13:20:51,822 INFO     ___FILE_ONLY___ │ 
2023-09-15 13:20:51,822 INFO     ___FILE_ONLY___  < 1 MiB
2023-09-15 13:20:51,822 INFO     ___FILE_ONLY___  
2023-09-15 13:20:51,822 INFO     ___FILE_ONLY___ │
2023-09-15 13:20:51,822 INFO     ___FILE_ONLY___ 

2023-09-15 13:20:51,822 INFO     ___FILE_ONLY___ │ 
2023-09-15 13:20:51,822 INFO     ___FILE_ONLY___ Google Cloud CLI Core Libraries (Platform Specific)
2023-09-15 13:20:51,822 INFO     ___FILE_ONLY___  
2023-09-15 13:20:51,822 INFO     ___FILE_ONLY___ │ 
2023-09-15 13:20:51,822 INFO     ___FILE_ONLY___ 2023.09.13
2023-09-15 13:20:51,822 INFO     ___FILE_ONLY___  
2023-09-15 13:20:51,822 INFO     ___FILE_ONLY___ │ 
2023-09-15 13:20:51,822 INFO     ___FILE_ONLY___  < 1 MiB
2023-09-15 13:20:51,823 INFO     ___FILE_ONLY___  
2023-09-15 13:20:51,823 INFO     ___FILE_ONLY___ │
2023-09-15 13:20:51,823 INFO     ___FILE_ONLY___ 

2023-09-15 13:20:51,823 INFO     ___FILE_ONLY___ │ 
2023-09-15 13:20:51,823 INFO     ___FILE_ONLY___ Google Cloud CRC32C Hash Tool                      
2023-09-15 13:20:51,823 INFO     ___FILE_ONLY___  
2023-09-15 13:20:51,823 INFO     ___FILE_ONLY___ │ 
2023-09-15 13:20:51,823 INFO     ___FILE_ONLY___      1.0.0
2023-09-15 13:20:51,823 INFO     ___FILE_ONLY___  
2023-09-15 13:20:51,823 INFO     ___FILE_ONLY___ │ 
2023-09-15 13:20:51,823 INFO     ___FILE_ONLY___  1.2 MiB
2023-09-15 13:20:51,823 INFO     ___FILE_ONLY___  
2023-09-15 13:20:51,823 INFO     ___FILE_ONLY___ │
2023-09-15 13:20:51,823 INFO     ___FILE_ONLY___ 

2023-09-15 13:20:51,824 INFO     ___FILE_ONLY___ │ 
2023-09-15 13:20:51,824 INFO     ___FILE_ONLY___ anthoscli                                          
2023-09-15 13:20:51,824 INFO     ___FILE_ONLY___  
2023-09-15 13:20:51,824 INFO     ___FILE_ONLY___ │ 
2023-09-15 13:20:51,824 INFO     ___FILE_ONLY___     0.2.39
2023-09-15 13:20:51,824 INFO     ___FILE_ONLY___  
2023-09-15 13:20:51,824 INFO     ___FILE_ONLY___ │ 
2023-09-15 13:20:51,824 INFO     ___FILE_ONLY___ 68.4 MiB
2023-09-15 13:20:51,824 INFO     ___FILE_ONLY___  
2023-09-15 13:20:51,824 INFO     ___FILE_ONLY___ │
2023-09-15 13:20:51,824 INFO     ___FILE_ONLY___ 

2023-09-15 13:20:51,824 INFO     ___FILE_ONLY___ │ 
2023-09-15 13:20:51,824 INFO     ___FILE_ONLY___ gcloud cli dependencies                            
2023-09-15 13:20:51,824 INFO     ___FILE_ONLY___  
2023-09-15 13:20:51,825 INFO     ___FILE_ONLY___ │ 
2023-09-15 13:20:51,825 INFO     ___FILE_ONLY___ 2021.04.16
2023-09-15 13:20:51,825 INFO     ___FILE_ONLY___  
2023-09-15 13:20:51,825 INFO     ___FILE_ONLY___ │ 
2023-09-15 13:20:51,825 INFO     ___FILE_ONLY___  < 1 MiB
2023-09-15 13:20:51,825 INFO     ___FILE_ONLY___  
2023-09-15 13:20:51,825 INFO     ___FILE_ONLY___ │
2023-09-15 13:20:51,825 INFO     ___FILE_ONLY___ 

2023-09-15 13:20:51,825 INFO     ___FILE_ONLY___ └─────────────────────────────────────────────────────┴────────────┴──────────┘
2023-09-15 13:20:51,825 INFO     ___FILE_ONLY___ 

2023-09-15 13:20:51,825 INFO     ___FILE_ONLY___ 

2023-09-15 13:20:51,829 DEBUG    urllib3.connectionpool Starting new HTTPS connection (1): dl.google.com:443
2023-09-15 13:20:51,934 DEBUG    urllib3.connectionpool https://dl.google.com:443 "GET /dl/cloudsdk/channels/rapid/RELEASE_NOTES HTTP/1.1" 200 1074772
2023-09-15 13:20:52,048 INFO     ___FILE_ONLY___ For the latest full release notes, please visit:
  https://cloud.google.com/sdk/release_notes


2023-09-15 13:20:52,051 INFO     ___FILE_ONLY___ ╔════════════════════════════════════════════════════════════╗

2023-09-15 13:20:52,051 INFO     ___FILE_ONLY___ ╠═ Creating update staging area                             ═╣

2023-09-15 13:20:52,051 INFO     ___FILE_ONLY___ ╚
2023-09-15 13:20:52,052 INFO     ___FILE_ONLY___ ══════
2023-09-15 13:20:52,052 INFO     ___FILE_ONLY___ ══════
2023-09-15 13:20:52,052 INFO     ___FILE_ONLY___ ══════
2023-09-15 13:20:52,457 INFO     ___FILE_ONLY___ ═
2023-09-15 13:20:52,510 INFO     ___FILE_ONLY___ ═
2023-09-15 13:20:52,575 INFO     ___FILE_ONLY___ ═
2023-09-15 13:20:52,624 INFO     ___FILE_ONLY___ ═
2023-09-15 13:20:52,668 INFO     ___FILE_ONLY___ ═
2023-09-15 13:20:52,728 INFO     ___FILE_ONLY___ ═
2023-09-15 13:20:52,780 INFO     ___FILE_ONLY___ ═
2023-09-15 13:20:52,830 INFO     ___FILE_ONLY___ ═
2023-09-15 13:20:52,880 INFO     ___FILE_ONLY___ ═
2023-09-15 13:20:52,930 INFO     ___FILE_ONLY___ ═
2023-09-15 13:20:52,994 INFO     ___FILE_ONLY___ ═
2023-09-15 13:20:53,046 INFO     ___FILE_ONLY___ ═
2023-09-15 13:20:53,102 INFO     ___FILE_ONLY___ ═
2023-09-15 13:20:53,182 INFO     ___FILE_ONLY___ ═
2023-09-15 13:20:53,246 INFO     ___FILE_ONLY___ ═
2023-09-15 13:20:53,298 INFO     ___FILE_ONLY___ ═
2023-09-15 13:20:53,351 INFO     ___FILE_ONLY___ ═
2023-09-15 13:20:53,412 INFO     ___FILE_ONLY___ ═
2023-09-15 13:20:53,474 INFO     ___FILE_ONLY___ ═
2023-09-15 13:20:53,535 INFO     ___FILE_ONLY___ ═
2023-09-15 13:20:53,593 INFO     ___FILE_ONLY___ ═
2023-09-15 13:20:53,661 INFO     ___FILE_ONLY___ ═
2023-09-15 13:20:53,720 INFO     ___FILE_ONLY___ ═
2023-09-15 13:20:53,788 INFO     ___FILE_ONLY___ ═
2023-09-15 13:20:53,864 INFO     ___FILE_ONLY___ ═
2023-09-15 13:20:53,921 INFO     ___FILE_ONLY___ ═
2023-09-15 13:20:53,985 INFO     ___FILE_ONLY___ ═
2023-09-15 13:20:54,052 INFO     ___FILE_ONLY___ ═
2023-09-15 13:20:54,114 INFO     ___FILE_ONLY___ ═
2023-09-15 13:20:54,177 INFO     ___FILE_ONLY___ ═
2023-09-15 13:20:54,236 INFO     ___FILE_ONLY___ ═
2023-09-15 13:20:54,300 INFO     ___FILE_ONLY___ ═
2023-09-15 13:20:54,365 INFO     ___FILE_ONLY___ ═
2023-09-15 13:20:54,551 INFO     ___FILE_ONLY___ ═
2023-09-15 13:20:54,586 INFO     ___FILE_ONLY___ ═
2023-09-15 13:20:54,616 INFO     ___FILE_ONLY___ ═
2023-09-15 13:20:54,654 INFO     ___FILE_ONLY___ ═
2023-09-15 13:20:54,684 INFO     ___FILE_ONLY___ ═
2023-09-15 13:20:54,715 INFO     ___FILE_ONLY___ ═
2023-09-15 13:20:54,756 INFO     ___FILE_ONLY___ ═
2023-09-15 13:20:54,831 INFO     ___FILE_ONLY___ ═
2023-09-15 13:20:54,890 INFO     ___FILE_ONLY___ ═
2023-09-15 13:20:54,891 INFO     ___FILE_ONLY___ ╝

2023-09-15 13:20:55,121 INFO     ___FILE_ONLY___ ╔════════════════════════════════════════════════════════════╗

2023-09-15 13:20:55,121 INFO     ___FILE_ONLY___ ╠═ Installing: BigQuery Command Line Tool                   ═╣

2023-09-15 13:20:55,121 INFO     ___FILE_ONLY___ ╚
2023-09-15 13:20:55,125 DEBUG    urllib3.connectionpool Starting new HTTPS connection (1): dl.google.com:443
2023-09-15 13:20:55,233 DEBUG    urllib3.connectionpool https://dl.google.com:443 "GET /dl/cloudsdk/channels/rapid/components/google-cloud-sdk-bq-20230913232318.tar.gz HTTP/1.1" 200 1659622
2023-09-15 13:20:55,297 INFO     ___FILE_ONLY___ ═
2023-09-15 13:20:55,297 INFO     ___FILE_ONLY___ ═
2023-09-15 13:20:55,298 INFO     ___FILE_ONLY___ ═
2023-09-15 13:20:55,298 INFO     ___FILE_ONLY___ ═
2023-09-15 13:20:55,298 INFO     ___FILE_ONLY___ ═
2023-09-15 13:20:55,298 INFO     ___FILE_ONLY___ ═
2023-09-15 13:20:55,299 INFO     ___FILE_ONLY___ ═
2023-09-15 13:20:55,299 INFO     ___FILE_ONLY___ ═
2023-09-15 13:20:55,299 INFO     ___FILE_ONLY___ ═
2023-09-15 13:20:55,299 INFO     ___FILE_ONLY___ ═
2023-09-15 13:20:55,299 INFO     ___FILE_ONLY___ ═
2023-09-15 13:20:55,300 INFO     ___FILE_ONLY___ ═
2023-09-15 13:20:55,300 INFO     ___FILE_ONLY___ ═
2023-09-15 13:20:55,300 INFO     ___FILE_ONLY___ ═
2023-09-15 13:20:55,300 INFO     ___FILE_ONLY___ ═
2023-09-15 13:20:55,300 INFO     ___FILE_ONLY___ ═
2023-09-15 13:20:55,301 INFO     ___FILE_ONLY___ ═
2023-09-15 13:20:55,301 INFO     ___FILE_ONLY___ ═
2023-09-15 13:20:55,301 INFO     ___FILE_ONLY___ ═
2023-09-15 13:20:55,301 INFO     ___FILE_ONLY___ ═
2023-09-15 13:20:55,301 INFO     ___FILE_ONLY___ ═
2023-09-15 13:20:55,302 INFO     ___FILE_ONLY___ ═
2023-09-15 13:20:55,302 INFO     ___FILE_ONLY___ ═
2023-09-15 13:20:55,302 INFO     ___FILE_ONLY___ ═
2023-09-15 13:20:55,302 INFO     ___FILE_ONLY___ ═
2023-09-15 13:20:55,303 INFO     ___FILE_ONLY___ ═
2023-09-15 13:20:55,303 INFO     ___FILE_ONLY___ ═
2023-09-15 13:20:55,303 INFO     ___FILE_ONLY___ ═
2023-09-15 13:20:55,303 INFO     ___FILE_ONLY___ ═
2023-09-15 13:20:55,303 INFO     ___FILE_ONLY___ ═
2023-09-15 13:20:55,437 INFO     ___FILE_ONLY___ ═
2023-09-15 13:20:55,442 INFO     ___FILE_ONLY___ ═
2023-09-15 13:20:55,447 INFO     ___FILE_ONLY___ ═
2023-09-15 13:20:55,451 INFO     ___FILE_ONLY___ ═
2023-09-15 13:20:55,455 INFO     ___FILE_ONLY___ ═
2023-09-15 13:20:55,459 INFO     ___FILE_ONLY___ ═
2023-09-15 13:20:55,464 INFO     ___FILE_ONLY___ ═
2023-09-15 13:20:55,468 INFO     ___FILE_ONLY___ ═
2023-09-15 13:20:55,473 INFO     ___FILE_ONLY___ ═
2023-09-15 13:20:55,476 INFO     ___FILE_ONLY___ ═
2023-09-15 13:20:55,480 INFO     ___FILE_ONLY___ ═
2023-09-15 13:20:55,484 INFO     ___FILE_ONLY___ ═
2023-09-15 13:20:55,490 INFO     ___FILE_ONLY___ ═
2023-09-15 13:20:55,494 INFO     ___FILE_ONLY___ ═
2023-09-15 13:20:55,498 INFO     ___FILE_ONLY___ ═
2023-09-15 13:20:55,502 INFO     ___FILE_ONLY___ ═
2023-09-15 13:20:55,507 INFO     ___FILE_ONLY___ ═
2023-09-15 13:20:55,511 INFO     ___FILE_ONLY___ ═
2023-09-15 13:20:55,517 INFO     ___FILE_ONLY___ ═
2023-09-15 13:20:55,522 INFO     ___FILE_ONLY___ ═
2023-09-15 13:20:55,526 INFO     ___FILE_ONLY___ ═
2023-09-15 13:20:55,533 INFO     ___FILE_ONLY___ ═
2023-09-15 13:20:55,540 INFO     ___FILE_ONLY___ ═
2023-09-15 13:20:55,544 INFO     ___FILE_ONLY___ ═
2023-09-15 13:20:55,547 INFO     ___FILE_ONLY___ ═
2023-09-15 13:20:55,552 INFO     ___FILE_ONLY___ ═
2023-09-15 13:20:55,556 INFO     ___FILE_ONLY___ ═
2023-09-15 13:20:55,561 INFO     ___FILE_ONLY___ ═
2023-09-15 13:20:55,565 INFO     ___FILE_ONLY___ ═
2023-09-15 13:20:55,568 INFO     ___FILE_ONLY___ ═
2023-09-15 13:20:55,568 INFO     ___FILE_ONLY___ ╝

2023-09-15 13:20:55,587 INFO     ___FILE_ONLY___ ╔════════════════════════════════════════════════════════════╗

2023-09-15 13:20:55,587 INFO     ___FILE_ONLY___ ╠═ Installing: BigQuery Command Line Tool (Platform Spec... ═╣

2023-09-15 13:20:55,587 INFO     ___FILE_ONLY___ ╚
2023-09-15 13:20:55,591 DEBUG    urllib3.connectionpool Starting new HTTPS connection (1): dl.google.com:443
2023-09-15 13:20:55,748 DEBUG    urllib3.connectionpool https://dl.google.com:443 "GET /dl/cloudsdk/channels/rapid/components/google-cloud-sdk-bq-nix-20230913232318.tar.gz HTTP/1.1" 200 1947
2023-09-15 13:20:55,749 INFO     ___FILE_ONLY___ ══════════════════════════════
2023-09-15 13:20:55,750 INFO     ___FILE_ONLY___ ══════════════════════════════
2023-09-15 13:20:55,750 INFO     ___FILE_ONLY___ ╝

2023-09-15 13:20:55,760 INFO     ___FILE_ONLY___ ╔════════════════════════════════════════════════════════════╗

2023-09-15 13:20:55,760 INFO     ___FILE_ONLY___ ╠═ Installing: Bundled Python 3.9                           ═╣

2023-09-15 13:20:55,760 INFO     ___FILE_ONLY___ ╚
2023-09-15 13:20:55,766 INFO     ___FILE_ONLY___ ════════════════════════════════════════════════════════════
2023-09-15 13:20:55,766 INFO     ___FILE_ONLY___ ╝

2023-09-15 13:20:55,768 INFO     ___FILE_ONLY___ ╔════════════════════════════════════════════════════════════╗

2023-09-15 13:20:55,768 INFO     ___FILE_ONLY___ ╠═ Installing: Bundled Python 3.9                           ═╣

2023-09-15 13:20:55,768 INFO     ___FILE_ONLY___ ╚
2023-09-15 13:20:55,772 DEBUG    urllib3.connectionpool Starting new HTTPS connection (1): dl.google.com:443
2023-09-15 13:20:55,937 DEBUG    urllib3.connectionpool https://dl.google.com:443 "GET /dl/cloudsdk/channels/rapid/components/google-cloud-sdk-bundled-python3-unix-linux-x86_64-20230707144938.tar.gz HTTP/1.1" 200 66719069
2023-09-15 13:20:56,412 INFO     ___FILE_ONLY___ ═
2023-09-15 13:20:56,416 INFO     ___FILE_ONLY___ ═
2023-09-15 13:20:56,418 INFO     ___FILE_ONLY___ ═
2023-09-15 13:20:56,421 INFO     ___FILE_ONLY___ ═
2023-09-15 13:20:56,424 INFO     ___FILE_ONLY___ ═
2023-09-15 13:20:56,427 INFO     ___FILE_ONLY___ ═
2023-09-15 13:20:56,430 INFO     ___FILE_ONLY___ ═
2023-09-15 13:20:56,433 INFO     ___FILE_ONLY___ ═
2023-09-15 13:20:56,436 INFO     ___FILE_ONLY___ ═
2023-09-15 13:20:56,439 INFO     ___FILE_ONLY___ ═
2023-09-15 13:20:56,442 INFO     ___FILE_ONLY___ ═
2023-09-15 13:20:56,445 INFO     ___FILE_ONLY___ ═
2023-09-15 13:20:56,448 INFO     ___FILE_ONLY___ ═
2023-09-15 13:20:56,450 INFO     ___FILE_ONLY___ ═
2023-09-15 13:20:56,453 INFO     ___FILE_ONLY___ ═
2023-09-15 13:20:56,456 INFO     ___FILE_ONLY___ ═
2023-09-15 13:20:56,459 INFO     ___FILE_ONLY___ ═
2023-09-15 13:20:56,462 INFO     ___FILE_ONLY___ ═
2023-09-15 13:20:56,465 INFO     ___FILE_ONLY___ ═
2023-09-15 13:20:56,468 INFO     ___FILE_ONLY___ ═
2023-09-15 13:20:56,471 INFO     ___FILE_ONLY___ ═
2023-09-15 13:20:56,474 INFO     ___FILE_ONLY___ ═
2023-09-15 13:20:56,477 INFO     ___FILE_ONLY___ ═
2023-09-15 13:20:56,480 INFO     ___FILE_ONLY___ ═
2023-09-15 13:20:56,483 INFO     ___FILE_ONLY___ ═
2023-09-15 13:20:56,486 INFO     ___FILE_ONLY___ ═
2023-09-15 13:20:56,489 INFO     ___FILE_ONLY___ ═
2023-09-15 13:20:56,492 INFO     ___FILE_ONLY___ ═
2023-09-15 13:20:56,495 INFO     ___FILE_ONLY___ ═
2023-09-15 13:20:56,498 INFO     ___FILE_ONLY___ ═
2023-09-15 13:20:58,530 INFO     ___FILE_ONLY___ ═
2023-09-15 13:20:58,543 INFO     ___FILE_ONLY___ ═
2023-09-15 13:20:58,559 INFO     ___FILE_ONLY___ ═
2023-09-15 13:20:58,574 INFO     ___FILE_ONLY___ ═
2023-09-15 13:20:58,587 INFO     ___FILE_ONLY___ ═
2023-09-15 13:20:58,606 INFO     ___FILE_ONLY___ ═
2023-09-15 13:20:58,624 INFO     ___FILE_ONLY___ ═
2023-09-15 13:20:58,646 INFO     ___FILE_ONLY___ ═
2023-09-15 13:20:58,664 INFO     ___FILE_ONLY___ ═
2023-09-15 13:20:58,678 INFO     ___FILE_ONLY___ ═
2023-09-15 13:20:58,698 INFO     ___FILE_ONLY___ ═
2023-09-15 13:20:58,720 INFO     ___FILE_ONLY___ ═
2023-09-15 13:20:58,735 INFO     ___FILE_ONLY___ ═
2023-09-15 13:20:58,864 INFO     ___FILE_ONLY___ ═
2023-09-15 13:20:58,879 INFO     ___FILE_ONLY___ ═
2023-09-15 13:20:58,981 INFO     ___FILE_ONLY___ ═
2023-09-15 13:20:59,006 INFO     ___FILE_ONLY___ ═
2023-09-15 13:20:59,028 INFO     ___FILE_ONLY___ ═
2023-09-15 13:20:59,048 INFO     ___FILE_ONLY___ ═
2023-09-15 13:20:59,088 INFO     ___FILE_ONLY___ ═
2023-09-15 13:20:59,103 INFO     ___FILE_ONLY___ ═
2023-09-15 13:20:59,118 INFO     ___FILE_ONLY___ ═
2023-09-15 13:20:59,135 INFO     ___FILE_ONLY___ ═
2023-09-15 13:20:59,154 INFO     ___FILE_ONLY___ ═
2023-09-15 13:20:59,174 INFO     ___FILE_ONLY___ ═
2023-09-15 13:20:59,194 INFO     ___FILE_ONLY___ ═
2023-09-15 13:20:59,854 INFO     ___FILE_ONLY___ ═
2023-09-15 13:21:00,156 INFO     ___FILE_ONLY___ ═
2023-09-15 13:21:00,170 INFO     ___FILE_ONLY___ ═
2023-09-15 13:21:00,185 INFO     ___FILE_ONLY___ ═
2023-09-15 13:21:00,185 INFO     ___FILE_ONLY___ ╝

2023-09-15 13:21:00,248 INFO     ___FILE_ONLY___ ╔════════════════════════════════════════════════════════════╗

2023-09-15 13:21:00,248 INFO     ___FILE_ONLY___ ╠═ Installing: Cloud Storage Command Line Tool              ═╣

2023-09-15 13:21:00,248 INFO     ___FILE_ONLY___ ╚
2023-09-15 13:21:00,252 DEBUG    urllib3.connectionpool Starting new HTTPS connection (1): dl.google.com:443
2023-09-15 13:21:00,417 DEBUG    urllib3.connectionpool https://dl.google.com:443 "GET /dl/cloudsdk/channels/rapid/components/google-cloud-sdk-gsutil-20230707144938.tar.gz HTTP/1.1" 200 11823782
2023-09-15 13:21:00,662 INFO     ___FILE_ONLY___ ═
2023-09-15 13:21:00,663 INFO     ___FILE_ONLY___ ═
2023-09-15 13:21:00,663 INFO     ___FILE_ONLY___ ═
2023-09-15 13:21:00,664 INFO     ___FILE_ONLY___ ═
2023-09-15 13:21:00,665 INFO     ___FILE_ONLY___ ═
2023-09-15 13:21:00,665 INFO     ___FILE_ONLY___ ═
2023-09-15 13:21:00,666 INFO     ___FILE_ONLY___ ═
2023-09-15 13:21:00,666 INFO     ___FILE_ONLY___ ═
2023-09-15 13:21:00,667 INFO     ___FILE_ONLY___ ═
2023-09-15 13:21:00,668 INFO     ___FILE_ONLY___ ═
2023-09-15 13:21:00,668 INFO     ___FILE_ONLY___ ═
2023-09-15 13:21:00,669 INFO     ___FILE_ONLY___ ═
2023-09-15 13:21:00,669 INFO     ___FILE_ONLY___ ═
2023-09-15 13:21:00,670 INFO     ___FILE_ONLY___ ═
2023-09-15 13:21:00,671 INFO     ___FILE_ONLY___ ═
2023-09-15 13:21:00,671 INFO     ___FILE_ONLY___ ═
2023-09-15 13:21:00,672 INFO     ___FILE_ONLY___ ═
2023-09-15 13:21:00,672 INFO     ___FILE_ONLY___ ═
2023-09-15 13:21:00,673 INFO     ___FILE_ONLY___ ═
2023-09-15 13:21:00,674 INFO     ___FILE_ONLY___ ═
2023-09-15 13:21:00,674 INFO     ___FILE_ONLY___ ═
2023-09-15 13:21:00,675 INFO     ___FILE_ONLY___ ═
2023-09-15 13:21:00,675 INFO     ___FILE_ONLY___ ═
2023-09-15 13:21:00,676 INFO     ___FILE_ONLY___ ═
2023-09-15 13:21:00,677 INFO     ___FILE_ONLY___ ═
2023-09-15 13:21:00,677 INFO     ___FILE_ONLY___ ═
2023-09-15 13:21:00,678 INFO     ___FILE_ONLY___ ═
2023-09-15 13:21:00,678 INFO     ___FILE_ONLY___ ═
2023-09-15 13:21:00,679 INFO     ___FILE_ONLY___ ═
2023-09-15 13:21:00,680 INFO     ___FILE_ONLY___ ═
2023-09-15 13:21:01,478 INFO     ___FILE_ONLY___ ═
2023-09-15 13:21:01,510 INFO     ___FILE_ONLY___ ═
2023-09-15 13:21:01,538 INFO     ___FILE_ONLY___ ═
2023-09-15 13:21:01,569 INFO     ___FILE_ONLY___ ═
2023-09-15 13:21:01,590 INFO     ___FILE_ONLY___ ═
2023-09-15 13:21:01,612 INFO     ___FILE_ONLY___ ═
2023-09-15 13:21:01,635 INFO     ___FILE_ONLY___ ═
2023-09-15 13:21:01,661 INFO     ___FILE_ONLY___ ═
2023-09-15 13:21:01,687 INFO     ___FILE_ONLY___ ═
2023-09-15 13:21:01,726 INFO     ___FILE_ONLY___ ═
2023-09-15 13:21:01,760 INFO     ___FILE_ONLY___ ═
2023-09-15 13:21:01,788 INFO     ___FILE_ONLY___ ═
2023-09-15 13:21:01,828 INFO     ___FILE_ONLY___ ═
2023-09-15 13:21:01,862 INFO     ___FILE_ONLY___ ═
2023-09-15 13:21:01,895 INFO     ___FILE_ONLY___ ═
2023-09-15 13:21:01,920 INFO     ___FILE_ONLY___ ═
2023-09-15 13:21:01,942 INFO     ___FILE_ONLY___ ═
2023-09-15 13:21:01,967 INFO     ___FILE_ONLY___ ═
2023-09-15 13:21:01,992 INFO     ___FILE_ONLY___ ═
2023-09-15 13:21:02,021 INFO     ___FILE_ONLY___ ═
2023-09-15 13:21:02,053 INFO     ___FILE_ONLY___ ═
2023-09-15 13:21:02,081 INFO     ___FILE_ONLY___ ═
2023-09-15 13:21:02,107 INFO     ___FILE_ONLY___ ═
2023-09-15 13:21:02,160 INFO     ___FILE_ONLY___ ═
2023-09-15 13:21:02,189 INFO     ___FILE_ONLY___ ═
2023-09-15 13:21:02,219 INFO     ___FILE_ONLY___ ═
2023-09-15 13:21:02,241 INFO     ___FILE_ONLY___ ═
2023-09-15 13:21:02,263 INFO     ___FILE_ONLY___ ═
2023-09-15 13:21:02,289 INFO     ___FILE_ONLY___ ═
2023-09-15 13:21:02,313 INFO     ___FILE_ONLY___ ═
2023-09-15 13:21:02,313 INFO     ___FILE_ONLY___ ╝

2023-09-15 13:21:02,394 INFO     ___FILE_ONLY___ ╔════════════════════════════════════════════════════════════╗

2023-09-15 13:21:02,394 INFO     ___FILE_ONLY___ ╠═ Installing: Cloud Storage Command Line Tool (Platform... ═╣

2023-09-15 13:21:02,394 INFO     ___FILE_ONLY___ ╚
2023-09-15 13:21:02,398 DEBUG    urllib3.connectionpool Starting new HTTPS connection (1): dl.google.com:443
2023-09-15 13:21:02,496 DEBUG    urllib3.connectionpool https://dl.google.com:443 "GET /dl/cloudsdk/channels/rapid/components/google-cloud-sdk-gsutil-nix-20230913232318.tar.gz HTTP/1.1" 200 1962
2023-09-15 13:21:02,497 INFO     ___FILE_ONLY___ ══════════════════════════════
2023-09-15 13:21:02,498 INFO     ___FILE_ONLY___ ══════════════════════════════
2023-09-15 13:21:02,498 INFO     ___FILE_ONLY___ ╝

2023-09-15 13:21:02,508 INFO     ___FILE_ONLY___ ╔════════════════════════════════════════════════════════════╗

2023-09-15 13:21:02,508 INFO     ___FILE_ONLY___ ╠═ Installing: Default set of gcloud commands               ═╣

2023-09-15 13:21:02,508 INFO     ___FILE_ONLY___ ╚
2023-09-15 13:21:02,513 INFO     ___FILE_ONLY___ ════════════════════════════════════════════════════════════
2023-09-15 13:21:02,514 INFO     ___FILE_ONLY___ ╝

2023-09-15 13:21:02,516 INFO     ___FILE_ONLY___ ╔════════════════════════════════════════════════════════════╗

2023-09-15 13:21:02,516 INFO     ___FILE_ONLY___ ╠═ Installing: Google Cloud CLI Core Libraries (Platform... ═╣

2023-09-15 13:21:02,516 INFO     ___FILE_ONLY___ ╚
2023-09-15 13:21:02,520 DEBUG    urllib3.connectionpool Starting new HTTPS connection (1): dl.google.com:443
2023-09-15 13:21:02,674 DEBUG    urllib3.connectionpool https://dl.google.com:443 "GET /dl/cloudsdk/channels/rapid/components/google-cloud-sdk-core-nix-20230913232318.tar.gz HTTP/1.1" 200 2324
2023-09-15 13:21:02,675 INFO     ___FILE_ONLY___ ══════════════════════════════
2023-09-15 13:21:02,676 INFO     ___FILE_ONLY___ ═══════════════
2023-09-15 13:21:02,677 INFO     ___FILE_ONLY___ ═══════════════
2023-09-15 13:21:02,677 INFO     ___FILE_ONLY___ ╝

2023-09-15 13:21:02,725 INFO     ___FILE_ONLY___ ╔════════════════════════════════════════════════════════════╗

2023-09-15 13:21:02,726 INFO     ___FILE_ONLY___ ╠═ Installing: Google Cloud CRC32C Hash Tool                ═╣

2023-09-15 13:21:02,726 INFO     ___FILE_ONLY___ ╚
2023-09-15 13:21:02,731 INFO     ___FILE_ONLY___ ════════════════════════════════════════════════════════════
2023-09-15 13:21:02,731 INFO     ___FILE_ONLY___ ╝

2023-09-15 13:21:02,733 INFO     ___FILE_ONLY___ ╔════════════════════════════════════════════════════════════╗

2023-09-15 13:21:02,734 INFO     ___FILE_ONLY___ ╠═ Installing: Google Cloud CRC32C Hash Tool                ═╣

2023-09-15 13:21:02,734 INFO     ___FILE_ONLY___ ╚
2023-09-15 13:21:02,738 DEBUG    urllib3.connectionpool Starting new HTTPS connection (1): dl.google.com:443
2023-09-15 13:21:02,845 DEBUG    urllib3.connectionpool https://dl.google.com:443 "GET /dl/cloudsdk/channels/rapid/components/google-cloud-sdk-gcloud-crc32c-linux-x86_64-20230901141909.tar.gz HTTP/1.1" 200 1288915
2023-09-15 13:21:02,906 INFO     ___FILE_ONLY___ ═
2023-09-15 13:21:02,906 INFO     ___FILE_ONLY___ ═
2023-09-15 13:21:02,907 INFO     ___FILE_ONLY___ ═
2023-09-15 13:21:02,907 INFO     ___FILE_ONLY___ ═
2023-09-15 13:21:02,907 INFO     ___FILE_ONLY___ ═
2023-09-15 13:21:02,907 INFO     ___FILE_ONLY___ ═
2023-09-15 13:21:02,907 INFO     ___FILE_ONLY___ ═
2023-09-15 13:21:02,907 INFO     ___FILE_ONLY___ ═
2023-09-15 13:21:02,907 INFO     ___FILE_ONLY___ ═
2023-09-15 13:21:02,908 INFO     ___FILE_ONLY___ ═
2023-09-15 13:21:02,908 INFO     ___FILE_ONLY___ ═
2023-09-15 13:21:02,908 INFO     ___FILE_ONLY___ ═
2023-09-15 13:21:02,908 INFO     ___FILE_ONLY___ ═
2023-09-15 13:21:02,908 INFO     ___FILE_ONLY___ ═
2023-09-15 13:21:02,908 INFO     ___FILE_ONLY___ ═
2023-09-15 13:21:02,908 INFO     ___FILE_ONLY___ ═
2023-09-15 13:21:02,908 INFO     ___FILE_ONLY___ ═
2023-09-15 13:21:02,909 INFO     ___FILE_ONLY___ ═
2023-09-15 13:21:02,909 INFO     ___FILE_ONLY___ ═
2023-09-15 13:21:02,909 INFO     ___FILE_ONLY___ ═
2023-09-15 13:21:02,909 INFO     ___FILE_ONLY___ ═
2023-09-15 13:21:02,909 INFO     ___FILE_ONLY___ ═
2023-09-15 13:21:02,909 INFO     ___FILE_ONLY___ ═
2023-09-15 13:21:02,909 INFO     ___FILE_ONLY___ ═
2023-09-15 13:21:02,910 INFO     ___FILE_ONLY___ ═
2023-09-15 13:21:02,910 INFO     ___FILE_ONLY___ ═
2023-09-15 13:21:02,910 INFO     ___FILE_ONLY___ ═
2023-09-15 13:21:02,910 INFO     ___FILE_ONLY___ ═
2023-09-15 13:21:02,910 INFO     ___FILE_ONLY___ ═
2023-09-15 13:21:02,910 INFO     ___FILE_ONLY___ ═
2023-09-15 13:21:02,946 INFO     ___FILE_ONLY___ ═══════════════
2023-09-15 13:21:02,947 INFO     ___FILE_ONLY___ ═══════════════
2023-09-15 13:21:02,947 INFO     ___FILE_ONLY___ ╝

2023-09-15 13:21:02,957 INFO     ___FILE_ONLY___ ╔════════════════════════════════════════════════════════════╗

2023-09-15 13:21:02,957 INFO     ___FILE_ONLY___ ╠═ Installing: anthoscli                                    ═╣

2023-09-15 13:21:02,957 INFO     ___FILE_ONLY___ ╚
2023-09-15 13:21:02,963 INFO     ___FILE_ONLY___ ════════════════════════════════════════════════════════════
2023-09-15 13:21:02,963 INFO     ___FILE_ONLY___ ╝

2023-09-15 13:21:02,965 INFO     ___FILE_ONLY___ ╔════════════════════════════════════════════════════════════╗

2023-09-15 13:21:02,965 INFO     ___FILE_ONLY___ ╠═ Installing: anthoscli                                    ═╣

2023-09-15 13:21:02,965 INFO     ___FILE_ONLY___ ╚
2023-09-15 13:21:02,970 DEBUG    urllib3.connectionpool Starting new HTTPS connection (1): dl.google.com:443
2023-09-15 13:21:03,081 DEBUG    urllib3.connectionpool https://dl.google.com:443 "GET /dl/cloudsdk/channels/rapid/components/google-cloud-sdk-anthoscli-linux-x86_64-20230811080439.tar.gz HTTP/1.1" 200 71743762
2023-09-15 13:21:03,691 INFO     ___FILE_ONLY___ ═
2023-09-15 13:21:03,695 INFO     ___FILE_ONLY___ ═
2023-09-15 13:21:03,698 INFO     ___FILE_ONLY___ ═
2023-09-15 13:21:03,701 INFO     ___FILE_ONLY___ ═
2023-09-15 13:21:03,704 INFO     ___FILE_ONLY___ ═
2023-09-15 13:21:03,707 INFO     ___FILE_ONLY___ ═
2023-09-15 13:21:03,711 INFO     ___FILE_ONLY___ ═
2023-09-15 13:21:03,714 INFO     ___FILE_ONLY___ ═
2023-09-15 13:21:03,717 INFO     ___FILE_ONLY___ ═
2023-09-15 13:21:03,720 INFO     ___FILE_ONLY___ ═
2023-09-15 13:21:03,723 INFO     ___FILE_ONLY___ ═
2023-09-15 13:21:03,726 INFO     ___FILE_ONLY___ ═
2023-09-15 13:21:03,730 INFO     ___FILE_ONLY___ ═
2023-09-15 13:21:03,733 INFO     ___FILE_ONLY___ ═
2023-09-15 13:21:03,736 INFO     ___FILE_ONLY___ ═
2023-09-15 13:21:03,739 INFO     ___FILE_ONLY___ ═
2023-09-15 13:21:03,742 INFO     ___FILE_ONLY___ ═
2023-09-15 13:21:03,745 INFO     ___FILE_ONLY___ ═
2023-09-15 13:21:03,748 INFO     ___FILE_ONLY___ ═
2023-09-15 13:21:03,751 INFO     ___FILE_ONLY___ ═
2023-09-15 13:21:03,755 INFO     ___FILE_ONLY___ ═
2023-09-15 13:21:03,758 INFO     ___FILE_ONLY___ ═
2023-09-15 13:21:03,761 INFO     ___FILE_ONLY___ ═
2023-09-15 13:21:03,764 INFO     ___FILE_ONLY___ ═
2023-09-15 13:21:03,768 INFO     ___FILE_ONLY___ ═
2023-09-15 13:21:03,771 INFO     ___FILE_ONLY___ ═
2023-09-15 13:21:03,774 INFO     ___FILE_ONLY___ ═
2023-09-15 13:21:03,777 INFO     ___FILE_ONLY___ ═
2023-09-15 13:21:03,781 INFO     ___FILE_ONLY___ ═
2023-09-15 13:21:03,784 INFO     ___FILE_ONLY___ ═
2023-09-15 13:21:06,115 INFO     ___FILE_ONLY___ ══════════
2023-09-15 13:21:06,120 INFO     ___FILE_ONLY___ ═════════
2023-09-15 13:21:06,148 INFO     ___FILE_ONLY___ ═══════════
2023-09-15 13:21:06,148 INFO     ___FILE_ONLY___ ╝

2023-09-15 13:21:06,173 INFO     ___FILE_ONLY___ ╔════════════════════════════════════════════════════════════╗

2023-09-15 13:21:06,173 INFO     ___FILE_ONLY___ ╠═ Installing: gcloud cli dependencies                      ═╣

2023-09-15 13:21:06,173 INFO     ___FILE_ONLY___ ╚
2023-09-15 13:21:06,177 DEBUG    urllib3.connectionpool Starting new HTTPS connection (1): dl.google.com:443
2023-09-15 13:21:06,274 DEBUG    urllib3.connectionpool https://dl.google.com:443 "GET /dl/cloudsdk/channels/rapid/components/google-cloud-sdk-gcloud-deps-linux-x86_64-20210416153011.tar.gz HTTP/1.1" 200 104
2023-09-15 13:21:06,275 INFO     ___FILE_ONLY___ ══════════════════════════════
2023-09-15 13:21:06,276 INFO     ___FILE_ONLY___ ══════════════════════════════
2023-09-15 13:21:06,276 INFO     ___FILE_ONLY___ ╝

2023-09-15 13:21:06,285 INFO     ___FILE_ONLY___ ╔════════════════════════════════════════════════════════════╗

2023-09-15 13:21:06,286 INFO     ___FILE_ONLY___ ╠═ Creating backup and activating new installation          ═╣

2023-09-15 13:21:06,286 INFO     ___FILE_ONLY___ ╚
2023-09-15 13:21:06,286 DEBUG    root            Attempting to move directory [/tools/google-cloud-sdk] to [/tools/google-cloud-sdk.staging/.install/.backup]
2023-09-15 13:21:06,286 INFO     ___FILE_ONLY___ ══════════════════════════════
2023-09-15 13:21:06,286 DEBUG    root            Attempting to move directory [/tools/google-cloud-sdk.staging] to [/tools/google-cloud-sdk]
2023-09-15 13:21:06,286 INFO     ___FILE_ONLY___ ══════════════════════════════
2023-09-15 13:21:06,286 INFO     ___FILE_ONLY___ ╝

2023-09-15 13:21:06,291 DEBUG    root            Updating notification cache...
2023-09-15 13:21:06,291 INFO     ___FILE_ONLY___ 

2023-09-15 13:21:06,293 INFO     ___FILE_ONLY___ Performing post processing steps...
2023-09-15 13:21:06,294 DEBUG    root            Executing command: ['python3', '-S', '/tools/google-cloud-sdk/lib/gcloud.py', 'components', 'post-process']
2023-09-15 13:21:31,877 DEBUG    ___FILE_ONLY___ 
2023-09-15 13:21:31,877 DEBUG    ___FILE_ONLY___ 
2023-09-15 13:21:32,083 INFO     ___FILE_ONLY___ 
Update done!


2023-09-15 13:21:32,087 DEBUG    root            Chosen display Format:none
2023-09-15 13:21:32,088 INFO     root            Display format: "none"
